<?xml version="1.0" encoding="UTF-8"?>
<!-- Generated by org.testng.reporters.JUnitXMLReporter -->
<testsuite hostname="DESKTOP-C2NQTD1" ignored="2" name="Surefire test" tests="1" failures="0" timestamp="2022-04-19T01:23:23 EET" time="9.579" errors="0">
  <testcase name="UserCanLogin" time="2.713" classname="tests.LoginTest"/>
  <testcase name="@AfterSuite stopAppiumServer" time="0.0" classname="tests.TestBase">
    <ignored/>
  </testcase> <!-- @AfterSuite stopAppiumServer -->
  <testcase name="@BeforeSuite startAppiumServer" time="0.0" classname="tests.TestBase">
    <ignored/>
  </testcase> <!-- @BeforeSuite startAppiumServer -->
</testsuite> <!-- Surefire test -->
