<?xml version="1.0" encoding="UTF-8"?>
<testng-results skipped="0" failed="0" ignored="2" total="3" passed="1">
  <reporter-output>
  </reporter-output>
  <suite name="Surefire suite" duration-ms="9579" started-at="2022-04-19T01:23:14 EET" finished-at="2022-04-19T01:23:23 EET">
    <groups>
    </groups>
    <test name="Surefire test" duration-ms="9579" started-at="2022-04-19T01:23:14 EET" finished-at="2022-04-19T01:23:23 EET">
      <class name="tests.LoginTest">
        <test-method status="PASS" signature="startAppiumServer()[pri:0, instance:tests.LoginTest@1f554b06]" name="startAppiumServer" is-config="true" duration-ms="1948" started-at="2022-04-19T01:23:12 EET" finished-at="2022-04-19T01:23:14 EET">
          <reporter-output>
          </reporter-output>
        </test-method> <!-- startAppiumServer -->
        <test-method status="PASS" signature="startDriver(java.lang.String,java.lang.String,java.lang.String)[pri:0, instance:tests.LoginTest@1f554b06]" name="startDriver" is-config="true" duration-ms="6577" started-at="2022-04-19T01:23:14 EET" finished-at="2022-04-19T01:23:20 EET">
          <params>
            <param index="0">
              <value>
                <![CDATA[Pixel 3]]>
              </value>
            </param>
            <param index="1">
              <value>
                <![CDATA[Android]]>
              </value>
            </param>
            <param index="2">
              <value>
                <![CDATA[12]]>
              </value>
            </param>
          </params>
          <reporter-output>
          </reporter-output>
        </test-method> <!-- startDriver -->
        <test-method status="PASS" signature="LoggingTest(java.lang.reflect.Method)[pri:0, instance:tests.LoginTest@1f554b06]" name="LoggingTest" is-config="true" duration-ms="32" started-at="2022-04-19T01:23:20 EET" finished-at="2022-04-19T01:23:20 EET">
          <params>
            <param index="0">
              <value>
                <![CDATA[public void tests.LoginTest.UserCanLogin()]]>
              </value>
            </param>
          </params>
          <reporter-output>
          </reporter-output>
        </test-method> <!-- LoggingTest -->
        <test-method status="PASS" signature="UserCanLogin()[pri:0, instance:tests.LoginTest@1f554b06]" name="UserCanLogin" duration-ms="2713" started-at="2022-04-19T01:23:20 EET" finished-at="2022-04-19T01:23:23 EET">
          <reporter-output>
          </reporter-output>
        </test-method> <!-- UserCanLogin -->
        <test-method status="PASS" signature="SaveTestResults(org.testng.ITestResult)[pri:0, instance:tests.LoginTest@1f554b06]" name="SaveTestResults" is-config="true" duration-ms="1" started-at="2022-04-19T01:23:23 EET" finished-at="2022-04-19T01:23:23 EET">
          <params>
            <param index="0">
              <value>
                <![CDATA[[TestResult name=UserCanLogin status=SUCCESS method=LoginTest.UserCanLogin()[pri:0, instance:tests.LoginTest@1f554b06] output={null}]]]>
              </value>
            </param>
          </params>
          <reporter-output>
          </reporter-output>
        </test-method> <!-- SaveTestResults -->
        <test-method status="PASS" signature="stopDriver()[pri:0, instance:tests.LoginTest@1f554b06]" name="stopDriver" is-config="true" duration-ms="237" started-at="2022-04-19T01:23:23 EET" finished-at="2022-04-19T01:23:23 EET">
          <reporter-output>
          </reporter-output>
        </test-method> <!-- stopDriver -->
        <test-method status="PASS" signature="stopAppiumServer()[pri:0, instance:tests.LoginTest@1f554b06]" name="stopAppiumServer" is-config="true" duration-ms="195" started-at="2022-04-19T01:23:23 EET" finished-at="2022-04-19T01:23:23 EET">
          <reporter-output>
          </reporter-output>
        </test-method> <!-- stopAppiumServer -->
      </class> <!-- tests.LoginTest -->
    </test> <!-- Surefire test -->
  </suite> <!-- Surefire suite -->
</testng-results>
